<?xml version="1.0" encoding="UTF-8"?>
<!-- Generated by org.testng.reporters.JUnitXMLReporter -->
<testsuite hostname="DESKTOP-KNV2EK2" name="Command line test" tests="5" failures="0" timestamp="5 Feb 2019 05:28:22 GMT" time="0.046" errors="0">
  <testcase name="method1" time="0.001" classname="TestBat.Test1"/>
  <testcase name="method2" time="0.001" classname="TestBat.Test1"/>
  <testcase name="method1" time="0.001" classname="TestBat.Test2"/>
  <testcase name="method2" time="0.001" classname="TestBat.Test2"/>
  <testcase name="method3" time="0.0" classname="TestBat.Test2"/>
</testsuite> <!-- Command line test -->
