<?xml version="1.0" encoding="UTF-8"?>
<testng-results skipped="0" failed="0" total="5" passed="5">
  <reporter-output>
  </reporter-output>
  <suite name="Command line suite" duration-ms="46" started-at="2019-02-05T05:28:22Z" finished-at="2019-02-05T05:28:22Z">
    <groups>
    </groups>
    <test name="Command line test" duration-ms="46" started-at="2019-02-05T05:28:22Z" finished-at="2019-02-05T05:28:22Z">
      <class name="TestBat.Test2">
        <test-method status="PASS" signature="method1()[pri:0, instance:TestBat.Test2@2ed94a8b]" name="method1" duration-ms="1" started-at="2019-02-05T10:58:22Z" finished-at="2019-02-05T10:58:22Z">
          <reporter-output>
          </reporter-output>
        </test-method> <!-- method1 -->
        <test-method status="PASS" signature="method2()[pri:0, instance:TestBat.Test2@2ed94a8b]" name="method2" duration-ms="1" started-at="2019-02-05T10:58:22Z" finished-at="2019-02-05T10:58:22Z">
          <reporter-output>
          </reporter-output>
        </test-method> <!-- method2 -->
        <test-method status="PASS" signature="method3()[pri:0, instance:TestBat.Test2@2ed94a8b]" name="method3" duration-ms="0" started-at="2019-02-05T10:58:22Z" finished-at="2019-02-05T10:58:22Z">
          <reporter-output>
          </reporter-output>
        </test-method> <!-- method3 -->
      </class> <!-- TestBat.Test2 -->
      <class name="TestBat.Test1">
        <test-method status="PASS" signature="method3()[pri:0, instance:TestBat.Test1@73f792cf]" name="method3" is-config="true" duration-ms="19" started-at="2019-02-05T10:58:22Z" finished-at="2019-02-05T10:58:22Z">
          <reporter-output>
          </reporter-output>
        </test-method> <!-- method3 -->
        <test-method status="PASS" signature="method1()[pri:0, instance:TestBat.Test1@73f792cf]" name="method1" duration-ms="1" started-at="2019-02-05T10:58:22Z" finished-at="2019-02-05T10:58:22Z">
          <reporter-output>
          </reporter-output>
        </test-method> <!-- method1 -->
        <test-method status="PASS" signature="method2()[pri:0, instance:TestBat.Test1@73f792cf]" name="method2" duration-ms="1" started-at="2019-02-05T10:58:22Z" finished-at="2019-02-05T10:58:22Z">
          <reporter-output>
          </reporter-output>
        </test-method> <!-- method2 -->
      </class> <!-- TestBat.Test1 -->
    </test> <!-- Command line test -->
  </suite> <!-- Command line suite -->
</testng-results>
