<?xml version="1.0" encoding="UTF-8"?>
<testng-results skipped="0" failed="0" total="2" passed="2">
  <reporter-output>
  </reporter-output>
  <suite name="MySuite" duration-ms="43" started-at="2019-01-24T13:26:22Z" finished-at="2019-01-24T13:26:22Z">
    <groups>
    </groups>
    <test name="MyTests" duration-ms="43" started-at="2019-01-24T13:26:22Z" finished-at="2019-01-24T13:26:22Z">
      <class name="TestBat.Test1">
        <test-method status="PASS" signature="method3()[pri:0, instance:TestBat.Test1@224edc67]" name="method3" is-config="true" duration-ms="10" started-at="2019-01-24T18:56:22Z" finished-at="2019-01-24T18:56:22Z">
          <reporter-output>
          </reporter-output>
        </test-method> <!-- method3 -->
        <test-method status="PASS" signature="method1()[pri:0, instance:TestBat.Test1@224edc67]" name="method1" duration-ms="6" started-at="2019-01-24T18:56:22Z" finished-at="2019-01-24T18:56:22Z">
          <reporter-output>
          </reporter-output>
        </test-method> <!-- method1 -->
        <test-method status="PASS" signature="method2()[pri:0, instance:TestBat.Test1@224edc67]" name="method2" duration-ms="5" started-at="2019-01-24T18:56:22Z" finished-at="2019-01-24T18:56:22Z">
          <reporter-output>
          </reporter-output>
        </test-method> <!-- method2 -->
      </class> <!-- TestBat.Test1 -->
    </test> <!-- MyTests -->
  </suite> <!-- MySuite -->
</testng-results>
